Flutter crash report.
Please report a bug at https://github.com/flutter/flutter/issues.

## command

flutter run

## exception

StateError: Bad state: No element

```
#0      Stream.first.<anonymous closure> (dart:async/stream.dart:1582:9)
#1      _rootRun (dart:async/zone.dart:1406:47)
#2      _CustomZone.run (dart:async/zone.dart:1317:19)
#3      _CustomZone.runGuarded (dart:async/zone.dart:1225:7)
#4      _BufferingStreamSubscription._sendDone.sendDone (dart:async/stream_impl.dart:419:13)
#5      _BufferingStreamSubscription._sendDone (dart:async/stream_impl.dart:429:7)
#6      _BufferingStreamSubscription._close (dart:async/stream_impl.dart:318:7)
#7      _SyncBroadcastStreamController._sendDone.<anonymous closure> (dart:async/broadcast_stream_controller.dart:392:22)
#8      _BroadcastStreamController._forEachListener (dart:async/broadcast_stream_controller.dart:315:15)
#9      _SyncBroadcastStreamController._sendDone (dart:async/broadcast_stream_controller.dart:391:7)
#10     _BroadcastStreamController.close (dart:async/broadcast_stream_controller.dart:261:5)
#11     _AsBroadcastStreamController.close (dart:async/broadcast_stream_controller.dart:497:24)
#12     _rootRun (dart:async/zone.dart:1406:47)
#13     _CustomZone.run (dart:async/zone.dart:1317:19)
#14     _CustomZone.runGuarded (dart:async/zone.dart:1225:7)
#15     _BufferingStreamSubscription._sendDone.sendDone (dart:async/stream_impl.dart:419:13)
#16     _BufferingStreamSubscription._sendDone (dart:async/stream_impl.dart:429:7)
#17     _BufferingStreamSubscription._close (dart:async/stream_impl.dart:318:7)
#18     _SinkTransformerStreamSubscription._close (dart:async/stream_transformers.dart:87:11)
#19     _EventSinkWrapper.close (dart:async/stream_transformers.dart:21:11)
#20     _StringAdapterSink.close (dart:convert/string_conversion.dart:241:11)
#21     _Utf8ConversionSink.close (dart:convert/string_conversion.dart:295:20)
#22     _ErrorHandlingAsciiDecoderSink.close (dart:convert/ascii.dart:261:15)
#23     _ConverterStreamEventSink.close (dart:convert/chunked_conversion.dart:78:18)
#24     _SinkTransformerStreamSubscription._handleDone (dart:async/stream_transformers.dart:132:24)
#25     _rootRun (dart:async/zone.dart:1406:47)
#26     _CustomZone.run (dart:async/zone.dart:1317:19)
#27     _CustomZone.runGuarded (dart:async/zone.dart:1225:7)
#28     _BufferingStreamSubscription._sendDone.sendDone (dart:async/stream_impl.dart:419:13)
#29     _BufferingStreamSubscription._sendDone (dart:async/stream_impl.dart:429:7)
#30     _BufferingStreamSubscription._close (dart:async/stream_impl.dart:318:7)
#31     _SyncStreamControllerDispatch._sendDone (dart:async/stream_controller.dart:785:19)
#32     _StreamController._closeUnchecked (dart:async/stream_controller.dart:640:7)
#33     _StreamController.close (dart:async/stream_controller.dart:633:5)
#34     _Socket._onData (dart:io-patch/socket_patch.dart:2462:21)
#35     _rootRunUnary (dart:async/zone.dart:1430:13)
#36     _CustomZone.runUnary (dart:async/zone.dart:1324:19)
#37     _CustomZone.runUnaryGuarded (dart:async/zone.dart:1233:7)
#38     _BufferingStreamSubscription._sendData (dart:async/stream_impl.dart:366:11)
#39     _BufferingStreamSubscription._add (dart:async/stream_impl.dart:297:7)
#40     _SyncStreamControllerDispatch._sendData (dart:async/stream_controller.dart:777:19)
#41     _StreamController._add (dart:async/stream_controller.dart:651:7)
#42     _StreamController.add (dart:async/stream_controller.dart:606:5)
#43     new _RawSocket.<anonymous closure> (dart:io-patch/socket_patch.dart:1949:35)
#44     _NativeSocket.issueReadEvent.issue (dart:io-patch/socket_patch.dart:1378:18)
#45     _microtaskLoop (dart:async/schedule_microtask.dart:40:21)
#46     _startMicrotaskLoop (dart:async/schedule_microtask.dart:49:5)
#47     _runPendingImmediateCallback (dart:isolate-patch/isolate_patch.dart:118:13)
#48     _RawReceivePort._handleMessage (dart:isolate-patch/isolate_patch.dart:185:5)
```

## flutter doctor

```
[32m[✓][39m Flutter (Channel stable, 3.27.1, on Microsoft Windows [version 10.0.26100.2605], locale fr-FR)
    [32m•[39m Flutter version 3.27.1 on channel stable at C:\flutter
    [32m•[39m Upstream repository https://github.com/flutter/flutter.git
    [32m•[39m Framework revision 17025dd882 (3 weeks ago), 2024-12-17 03:23:09 +0900
    [32m•[39m Engine revision cb4b5fff73
    [32m•[39m Dart version 3.6.0
    [32m•[39m DevTools version 2.40.2

[32m[✓][39m Windows Version (Installed version of Windows is version 10 or higher)

[33m[!][39m Android toolchain - develop for Android devices (Android SDK version 35.0.0)
    [32m•[39m Android SDK at C:\Users\USER\AppData\Local\Android\sdk
    [31m✗[39m cmdline-tools component is missing
      Run `path/to/sdkmanager --install "cmdline-tools;latest"`
      See https://developer.android.com/studio/command-line for more details.
    [31m✗[39m Android license status unknown.
      Run `flutter doctor --android-licenses` to accept the SDK licenses.
      See https://flutter.dev/to/windows-android-setup for more details.

[32m[✓][39m Chrome - develop for the web
    [32m•[39m Chrome at C:\Program Files\Google\Chrome\Application\chrome.exe

[32m[✓][39m Visual Studio - develop Windows apps (Visual Studio Community 2022 17.11.4)
    [32m•[39m Visual Studio at C:\Program Files\Microsoft Visual Studio\2022\Community
    [32m•[39m Visual Studio Community 2022 version 17.11.35312.102
    [32m•[39m Windows 10 SDK version 10.0.22621.0

[32m[✓][39m Android Studio (version 2024.1)
    [32m•[39m Android Studio at C:\Program Files\Android\Android Studio1
    [32m•[39m Flutter plugin can be installed from:
      🔨 https://plugins.jetbrains.com/plugin/9212-flutter
    [32m•[39m Dart plugin can be installed from:
      🔨 https://plugins.jetbrains.com/plugin/6351-dart
    [32m•[39m Java version OpenJDK Runtime Environment (build 17.0.11+0--11852314)

[32m[✓][39m VS Code (version 1.96.2)
    [32m•[39m VS Code at C:\Users\USER\AppData\Local\Programs\Microsoft VS Code
    [32m•[39m Flutter extension version 3.102.0

[32m[✓][39m Connected device (3 available)
    [32m•[39m Windows (desktop) • windows • windows-x64    • Microsoft Windows [version 10.0.26100.2605]
    [32m•[39m Chrome (web)      • chrome  • web-javascript • Google Chrome 131.0.6778.205
    [32m•[39m Edge (web)        • edge    • web-javascript • Microsoft Edge 131.0.2903.112
    [33m![39m Device RZ8T31YCA1B is not authorized.
      You might need to check your device for an authorization dialog.

[32m[✓][39m Network resources
    [32m•[39m All expected network resources are available.

[33m![39m Doctor found issues in 1 category.
```
